API-access_log 2023-03-11 12:27:03.372 - GET /api/v1/oauth/kakao HTTP/1.1 302 - 1477
API-access_log 2023-03-11 12:27:03.380 - GET /login HTTP/1.1 200 1406 5
API-access_log 2023-03-11 12:27:03.983 - GET /favicon.ico HTTP/1.1 302 - 2
API-access_log 2023-03-11 12:27:03.987 - GET /login HTTP/1.1 200 1406 2
API-access_log 2023-03-11 12:30:50.155 - GET /api/v1/oauth/kakao HTTP/1.1 302 - 1556
API-access_log 2023-03-11 12:30:50.163 - GET /login HTTP/1.1 200 1406 5
API-access_log 2023-03-11 12:30:50.307 - GET /favicon.ico HTTP/1.1 302 - 2
API-access_log 2023-03-11 12:30:50.311 - GET /login HTTP/1.1 200 1406 2
API-access_log 2023-03-11 12:31:36.742 - GET /api/v1/oauth/kakao HTTP/1.1 302 - 241
API-access_log 2023-03-11 12:31:38.058 - GET /api/v1/oauth/kauth.kakao.com/oauth/authorize?client_id=94991ae1814571abf174694435c028a7&redirect_uri=http://localhost:8080/login/oauth2/code/kakao&response_type=code HTTP/1.1 302 - 1312
API-access_log 2023-03-11 12:31:38.074 - GET /login HTTP/1.1 200 1406 10
API-access_log 2023-03-11 12:31:38.230 - GET /favicon.ico HTTP/1.1 302 - 2
API-access_log 2023-03-11 12:31:38.234 - GET /login HTTP/1.1 200 1406 2
API-access_log 2023-03-11 12:35:02.780 - GET /api/v1/oauth/kakao HTTP/1.1 302 - 183
API-access_log 2023-03-11 12:35:02.842 - GET /api/v1/oauth/kauth.kakao.com/oauth/authorize?client_id=94991ae1814571abf174694435c028a7&redirect_uri=http://localhost:8080/login/oauth2/code/kakao&response_type=code HTTP/1.1 404 275 59
API-access_log 2023-03-11 12:35:03.064 - GET /favicon.ico HTTP/1.1 404 111 105
API-access_log 2023-03-11 12:36:00.574 - GET /api/v1/oauth/kakao HTTP/1.1 302 - 2
API-access_log 2023-03-11 12:36:00.592 - GET /api/v1/oauth/kauth.kakao.com/oauth/authorize?client_id=94991ae1814571abf174694435c028a7&redirect_uri=http://localhost:8080/login/oauth2/code/kakao&response_type=code HTTP/1.1 404 275 14
API-access_log 2023-03-11 12:36:03.312 - GET /api/v1/oauth/kakao HTTP/1.1 302 - 3
API-access_log 2023-03-11 12:38:49.935 - GET /api/v1/oauth/kauth.kakao.com/oauth/authorize?client_id=94991ae1814571abf174694435c028a7&redirect_uri=http://localhost:8080/login/oauth2/code/kakao&response_type=code HTTP/1.1 404 275 291
API-access_log 2023-03-11 12:39:00.970 - GET /api/v1/oauth/kakao HTTP/1.1 302 - 4
API-access_log 2023-03-11 12:39:00.986 - GET /api/v1/oauth/kauth.kakao.com/oauth/authorize?client_id=94991ae1814571abf174694435c028a7&redirect_uri=http://localhost:8080/login/oauth2/code/kakao&response_type=code HTTP/1.1 404 275 13
API-access_log 2023-03-11 12:40:01.698 - GET /api/v1/oauth/kakao HTTP/1.1 302 - 200
API-access_log 2023-03-11 12:40:01.761 - GET /api/v1/oauth/kauth.kakao.com/oauth/authorize?client_id=94991ae1814571abf174694435c028a7&redirect_uri=http://localhost:8080/login/oauth2/code/kakao&response_type=code HTTP/1.1 404 275 60
API-access_log 2023-03-11 12:40:45.641 - GET /api/v1/oauth/kakao HTTP/1.1 302 - 2
API-access_log 2023-03-11 12:40:45.657 - GET /api/v1/oauth/kauth.kakao.com/oauth/authorize?client_id=94991ae1814571abf174694435c028a7&redirect_uri=http://localhost:8080/login/oauth2/code/kakao&response_type=code HTTP/1.1 404 275 12
API-access_log 2023-03-11 12:42:22.576 - GET /api/v1/oauth/kakao HTTP/1.1 302 - 201
API-access_log 2023-03-11 12:42:22.645 - GET /api/v1/oauth/kauth.kakao.com/oauth/authorize?client_id=94991ae1814571abf174694435c028a7&redirect_uri=http://localhost:8080/login/oauth2/code/kakao&response_type=code HTTP/1.1 404 275 61
API-access_log 2023-03-11 12:43:45.633 - GET /api/v1/oauth/kakao HTTP/1.1 302 - 200
API-access_log 2023-03-11 12:44:22.925 - GET /api/v1/oauth/kakao HTTP/1.1 302 - 219
API-access_log 2023-03-11 12:49:40.904 - GET /api/v1/oauth/kakao HTTP/1.1 302 - 240
API-access_log 2023-03-11 12:49:44.049 - GET /login/oauth2/code/kakao?code=NBv1qd8pedsXi_68TxT7RjMSprI0vVKNmIkOZPmwIcNNhMW6r7tqiiQm9KYj3P2WiPNswgoqJY4AAAGGzsnjEg HTTP/1.1 404 275 57
API-access_log 2023-03-11 12:52:45.356 - GET /api/v1/oauth/kakao HTTP/1.1 302 - 210
API-access_log 2023-03-11 12:52:49.134 - GET /login/oauth2/code/kakao?code=I3Cthyiqfz934JDKXK7F4rXCG99NHMagnrweYCJaSZaEVR9HDLu_iDShGQQsPw8QBJM19go9dGkAAAGGzsyyMA HTTP/1.1 200 - 107
API-access_log 2023-03-11 14:33:37.349 - GET /api/v1/oauth/kakao HTTP/1.1 302 - 233
API-access_log 2023-03-11 14:33:41.134 - GET /login/oauth2/code/kakao?code=VOHndrJPzUMi1CBq94Zs4vfIKtFVfN00GQ5g4ebfsSO06dOVkJNOezCNymUgFIgZozYaVwo9dZsAAAGGzykNOg HTTP/1.1 200 - 635
